{
  "stats": {
    "suites": 5,
    "tests": 5,
    "passes": 4,
    "pending": 0,
    "failures": 1,
    "start": "2020-05-18T13:22:17.654Z",
    "end": "2020-05-18T13:22:59.253Z",
    "duration": 41599,
    "testsRegistered": 5,
    "passPercent": 80,
    "pendingPercent": 0,
    "other": 0,
    "hasOther": false,
    "skipped": 0,
    "hasSkipped": false
  },
  "results": [
    {
      "uuid": "7f583205-71a6-40ae-bb8c-c4127549a6e7",
      "title": "",
      "fullFile": "",
      "file": "",
      "beforeHooks": [],
      "afterHooks": [],
      "tests": [],
      "suites": [
        {
          "uuid": "e171b6ba-e2e2-4d0b-9be7-95020bd2bb59",
          "title": "Search sulzer gmbh on google",
          "fullFile": "/Users/mustafamasetic/sulzer-test-automation/reporting/codeceptjs/tests/karriere_test.js",
          "file": "/tests/karriere_test.js",
          "beforeHooks": [
            {
              "title": "\"before all\" hook: codeceptjs.beforeSuite",
              "fullTitle": "Search sulzer gmbh on google \"before all\" hook: codeceptjs.beforeSuite",
              "timedOut": false,
              "duration": 1,
              "state": null,
              "speed": null,
              "pass": false,
              "fail": false,
              "pending": false,
              "context": null,
              "code": "scenario.suiteSetup(suite)",
              "err": {},
              "uuid": "4019c98f-428c-45a2-8171-cd128b03e4e3",
              "parentUUID": "e171b6ba-e2e2-4d0b-9be7-95020bd2bb59",
              "isHook": true,
              "skipped": false
            },
            {
              "title": "\"before each\" hook: codeceptjs.before",
              "fullTitle": "Search sulzer gmbh on google \"before each\" hook: codeceptjs.before",
              "timedOut": false,
              "duration": 2200,
              "state": null,
              "speed": null,
              "pass": false,
              "fail": false,
              "pending": false,
              "context": null,
              "code": "scenario.setup(suite)",
              "err": {},
              "uuid": "4fd2313e-c405-4b7b-b2eb-74d3b6509dbe",
              "parentUUID": "e171b6ba-e2e2-4d0b-9be7-95020bd2bb59",
              "isHook": true,
              "skipped": false
            }
          ],
          "afterHooks": [
            {
              "title": "\"after all\" hook: codeceptjs.afterSuite",
              "fullTitle": "Search sulzer gmbh on google \"after all\" hook: codeceptjs.afterSuite",
              "timedOut": false,
              "duration": 7,
              "state": null,
              "speed": null,
              "pass": false,
              "fail": false,
              "pending": false,
              "context": null,
              "code": "scenario.suiteTeardown(suite)",
              "err": {},
              "uuid": "58a280c6-a35d-4e46-a75f-0a8543318552",
              "parentUUID": "e171b6ba-e2e2-4d0b-9be7-95020bd2bb59",
              "isHook": true,
              "skipped": false
            },
            {
              "title": "\"after each\" hook: finalize codeceptjs",
              "fullTitle": "Search sulzer gmbh on google \"after each\" hook: finalize codeceptjs",
              "timedOut": false,
              "duration": 105,
              "state": null,
              "speed": null,
              "pass": false,
              "fail": false,
              "pending": false,
              "context": null,
              "code": "scenario.teardown(suite)",
              "err": {},
              "uuid": "4cc28eaf-3cc4-4d0b-9a81-222e8738e481",
              "parentUUID": "e171b6ba-e2e2-4d0b-9be7-95020bd2bb59",
              "isHook": true,
              "skipped": false
            }
          ],
          "tests": [
            {
              "title": "should search for \"sulzer gmbh\" and click on link with a name \"Karriere\"",
              "fullTitle": "Search sulzer gmbh on google: should search for \"sulzer gmbh\" and click on link with a name \"Karriere\"",
              "timedOut": false,
              "duration": 6527,
              "state": "passed",
              "speed": "slow",
              "pass": true,
              "fail": false,
              "pending": false,
              "context": null,
              "code": "I.amOnPage('https://google.com');\nI.waitForVisible({name: 'q'}, 5);\nI.fillField({name: 'q'}, 'sulzer gmbh');\nI.pressKey('Enter');\nI.waitForVisible(locate('a').withText('Karriere'), 5);\nI.click(locate('a').withText('Standorte'));\nI.seeInCurrentUrl('https://www.sulzer.de/de/standorte/');",
              "err": {},
              "uuid": "ce6584e0-7954-403d-837e-0cb663d049ff",
              "parentUUID": "e171b6ba-e2e2-4d0b-9be7-95020bd2bb59",
              "isHook": false,
              "skipped": false
            }
          ],
          "suites": [],
          "passes": [
            "ce6584e0-7954-403d-837e-0cb663d049ff"
          ],
          "failures": [],
          "pending": [],
          "skipped": [],
          "duration": 6527,
          "root": false,
          "rootEmpty": false,
          "_timeout": 0
        },
        {
          "uuid": "0797012e-7e53-40d7-bb47-41688cdd2d02",
          "title": "Search sulzer gmbh on google",
          "fullFile": "/Users/mustafamasetic/sulzer-test-automation/reporting/codeceptjs/tests/kontakt_test.js",
          "file": "/tests/kontakt_test.js",
          "beforeHooks": [
            {
              "title": "\"before all\" hook: codeceptjs.beforeSuite",
              "fullTitle": "Search sulzer gmbh on google \"before all\" hook: codeceptjs.beforeSuite",
              "timedOut": false,
              "duration": 0,
              "state": null,
              "speed": null,
              "pass": false,
              "fail": false,
              "pending": false,
              "context": null,
              "code": "scenario.suiteSetup(suite)",
              "err": {},
              "uuid": "a967e52e-21b3-4cbf-ad01-b637584bb1b4",
              "parentUUID": "0797012e-7e53-40d7-bb47-41688cdd2d02",
              "isHook": true,
              "skipped": false
            },
            {
              "title": "\"before each\" hook: codeceptjs.before",
              "fullTitle": "Search sulzer gmbh on google \"before each\" hook: codeceptjs.before",
              "timedOut": false,
              "duration": 1115,
              "state": null,
              "speed": null,
              "pass": false,
              "fail": false,
              "pending": false,
              "context": null,
              "code": "scenario.setup(suite)",
              "err": {},
              "uuid": "3e996456-3fb1-4c65-ab3d-597ac9a68702",
              "parentUUID": "0797012e-7e53-40d7-bb47-41688cdd2d02",
              "isHook": true,
              "skipped": false
            }
          ],
          "afterHooks": [
            {
              "title": "\"after all\" hook: codeceptjs.afterSuite",
              "fullTitle": "Search sulzer gmbh on google \"after all\" hook: codeceptjs.afterSuite",
              "timedOut": false,
              "duration": 2,
              "state": null,
              "speed": null,
              "pass": false,
              "fail": false,
              "pending": false,
              "context": null,
              "code": "scenario.suiteTeardown(suite)",
              "err": {},
              "uuid": "9c79a7c1-97ea-4c26-891b-226527ffd743",
              "parentUUID": "0797012e-7e53-40d7-bb47-41688cdd2d02",
              "isHook": true,
              "skipped": false
            },
            {
              "title": "\"after each\" hook: finalize codeceptjs",
              "fullTitle": "Search sulzer gmbh on google \"after each\" hook: finalize codeceptjs",
              "timedOut": false,
              "duration": 55,
              "state": null,
              "speed": null,
              "pass": false,
              "fail": false,
              "pending": false,
              "context": null,
              "code": "scenario.teardown(suite)",
              "err": {},
              "uuid": "36d126b0-6f7f-4b16-8917-4353c88b4364",
              "parentUUID": "0797012e-7e53-40d7-bb47-41688cdd2d02",
              "isHook": true,
              "skipped": false
            }
          ],
          "tests": [
            {
              "title": "should search for \"sulzer gmbh\" and click on link with a name \"Kontakt\"",
              "fullTitle": "Search sulzer gmbh on google: should search for \"sulzer gmbh\" and click on link with a name \"Kontakt\"",
              "timedOut": false,
              "duration": 12441,
              "state": "failed",
              "speed": null,
              "pass": false,
              "fail": true,
              "pending": false,
              "context": null,
              "code": "I.amOnPage('https://google.com');\nI.waitForVisible({name: 'q'}, 5);\nI.fillField({name: 'q'}, 'sulzer gmbh');\nI.pressKey('Enter');\nI.waitForVisible(locate('a').withText('Kontakt'), 5);\nI.click(locate('a').withText('Kontakt'));\nI.seeInCurrentUrl('kontakt');",
              "err": {
                "message": "Error: expected url to include \"kontakt\"",
                "estack": "expected url to include \"kontakt\"\n\nScenario Steps:\n\n- I.seeInCurrentUrl(\"kontakt\") at Test.<anonymous> (tests/kontakt_test.js:10:7)\n- I.click({xpath: .//a[contains(., 'Kontakt')]}) at Test.<anonymous> (tests/kontakt_test.js:9:7)\n- I.waitForVisible({xpath: .//a[contains(., 'Kontakt')]}, 5) at Test.<anonymous> (tests/kontakt_test.js:8:7)\n- I.pressKey(\"Enter\") at Test.<anonymous> (tests/kontakt_test.js:7:7)\n- I.fillField({\"name\":\"q\"}, \"sulzer gmbh\") at Test.<anonymous> (tests/kontakt_test.js:6:7)\n- I.waitForVisible({\"name\":\"q\"}, 5) at Test.<anonymous> (tests/kontakt_test.js:5:7)\n- I.amOnPage(\"https://google.com\") at Test.<anonymous> (tests/kontakt_test.js:4:7)\n\n",
                "diff": "- https://www.google.com/search?source=hp&ei=E4zCXtrqLtH5kwXWl6VQ&q=sulzer+gmbh&oq=sulzer+gmbh&gs_lcp=CgZwc3ktYWIQA1DpA1iwBGC8BGgAcAB4AIABAIgBAJIBAJgBAKABAaoBB2d3cy13aXo&sclient=psy-ab&ved=0ahUKEwiawKLvwL3pAhXR_KQKHdZLCQoQ4dUDCAk&uact=5\n+ kontakt\n"
              },
              "uuid": "b7e5de8b-dffe-4425-96c3-962102588bc8",
              "parentUUID": "0797012e-7e53-40d7-bb47-41688cdd2d02",
              "isHook": false,
              "skipped": false
            }
          ],
          "suites": [],
          "passes": [],
          "failures": [
            "b7e5de8b-dffe-4425-96c3-962102588bc8"
          ],
          "pending": [],
          "skipped": [],
          "duration": 12441,
          "root": false,
          "rootEmpty": false,
          "_timeout": 0
        },
        {
          "uuid": "004d2fb0-8638-456c-8682-bf608fd975de",
          "title": "Search sulzer gmbh on google",
          "fullFile": "/Users/mustafamasetic/sulzer-test-automation/reporting/codeceptjs/tests/standorte_test.js",
          "file": "/tests/standorte_test.js",
          "beforeHooks": [
            {
              "title": "\"before all\" hook: codeceptjs.beforeSuite",
              "fullTitle": "Search sulzer gmbh on google \"before all\" hook: codeceptjs.beforeSuite",
              "timedOut": false,
              "duration": 0,
              "state": null,
              "speed": null,
              "pass": false,
              "fail": false,
              "pending": false,
              "context": null,
              "code": "scenario.suiteSetup(suite)",
              "err": {},
              "uuid": "b17b81f7-95dc-4622-ad2e-a94c6841d73a",
              "parentUUID": "004d2fb0-8638-456c-8682-bf608fd975de",
              "isHook": true,
              "skipped": false
            },
            {
              "title": "\"before each\" hook: codeceptjs.before",
              "fullTitle": "Search sulzer gmbh on google \"before each\" hook: codeceptjs.before",
              "timedOut": false,
              "duration": 1213,
              "state": null,
              "speed": null,
              "pass": false,
              "fail": false,
              "pending": false,
              "context": null,
              "code": "scenario.setup(suite)",
              "err": {},
              "uuid": "ccdf74f0-11ac-4a42-8550-c2f80893ae25",
              "parentUUID": "004d2fb0-8638-456c-8682-bf608fd975de",
              "isHook": true,
              "skipped": false
            }
          ],
          "afterHooks": [
            {
              "title": "\"after all\" hook: codeceptjs.afterSuite",
              "fullTitle": "Search sulzer gmbh on google \"after all\" hook: codeceptjs.afterSuite",
              "timedOut": false,
              "duration": 2,
              "state": null,
              "speed": null,
              "pass": false,
              "fail": false,
              "pending": false,
              "context": null,
              "code": "scenario.suiteTeardown(suite)",
              "err": {},
              "uuid": "9ea4a03d-ceb3-4f35-ba7c-dbf71a8f03c2",
              "parentUUID": "004d2fb0-8638-456c-8682-bf608fd975de",
              "isHook": true,
              "skipped": false
            },
            {
              "title": "\"after each\" hook: finalize codeceptjs",
              "fullTitle": "Search sulzer gmbh on google \"after each\" hook: finalize codeceptjs",
              "timedOut": false,
              "duration": 54,
              "state": null,
              "speed": null,
              "pass": false,
              "fail": false,
              "pending": false,
              "context": null,
              "code": "scenario.teardown(suite)",
              "err": {},
              "uuid": "96570553-bd77-4d90-a10f-13b6a7372f03",
              "parentUUID": "004d2fb0-8638-456c-8682-bf608fd975de",
              "isHook": true,
              "skipped": false
            }
          ],
          "tests": [
            {
              "title": "should search for \"sulzer gmbh\" and click on link with a name \"Standorte\"",
              "fullTitle": "Search sulzer gmbh on google: should search for \"sulzer gmbh\" and click on link with a name \"Standorte\"",
              "timedOut": false,
              "duration": 6350,
              "state": "passed",
              "speed": "slow",
              "pass": true,
              "fail": false,
              "pending": false,
              "context": null,
              "code": "I.amOnPage('https://google.com');\nI.waitForVisible({name: 'q'}, 5);\nI.fillField({name: 'q'}, 'sulzer gmbh');\nI.pressKey('Enter');\nI.waitForVisible(locate('a').withText('Standorte'), 5);\nI.click(locate('a').withText('Standorte'));\nI.seeInCurrentUrl('https://www.sulzer.de/de/standorte/');",
              "err": {},
              "uuid": "36261bd2-8ad6-4241-b880-e20ae1bef1c2",
              "parentUUID": "004d2fb0-8638-456c-8682-bf608fd975de",
              "isHook": false,
              "skipped": false
            }
          ],
          "suites": [],
          "passes": [
            "36261bd2-8ad6-4241-b880-e20ae1bef1c2"
          ],
          "failures": [],
          "pending": [],
          "skipped": [],
          "duration": 6350,
          "root": false,
          "rootEmpty": false,
          "_timeout": 0
        },
        {
          "uuid": "b07efa4d-61b1-4190-a12d-49bc044d620c",
          "title": "Search sulzer gmbh on google",
          "fullFile": "/Users/mustafamasetic/sulzer-test-automation/reporting/codeceptjs/tests/stuttgart_test.js",
          "file": "/tests/stuttgart_test.js",
          "beforeHooks": [
            {
              "title": "\"before all\" hook: codeceptjs.beforeSuite",
              "fullTitle": "Search sulzer gmbh on google \"before all\" hook: codeceptjs.beforeSuite",
              "timedOut": false,
              "duration": 0,
              "state": null,
              "speed": null,
              "pass": false,
              "fail": false,
              "pending": false,
              "context": null,
              "code": "scenario.suiteSetup(suite)",
              "err": {},
              "uuid": "6eee23a1-6731-451f-9010-5d4bdd285c7d",
              "parentUUID": "b07efa4d-61b1-4190-a12d-49bc044d620c",
              "isHook": true,
              "skipped": false
            },
            {
              "title": "\"before each\" hook: codeceptjs.before",
              "fullTitle": "Search sulzer gmbh on google \"before each\" hook: codeceptjs.before",
              "timedOut": false,
              "duration": 1292,
              "state": null,
              "speed": null,
              "pass": false,
              "fail": false,
              "pending": false,
              "context": null,
              "code": "scenario.setup(suite)",
              "err": {},
              "uuid": "83286648-3171-4f28-963d-7c8088fe5cca",
              "parentUUID": "b07efa4d-61b1-4190-a12d-49bc044d620c",
              "isHook": true,
              "skipped": false
            }
          ],
          "afterHooks": [
            {
              "title": "\"after all\" hook: codeceptjs.afterSuite",
              "fullTitle": "Search sulzer gmbh on google \"after all\" hook: codeceptjs.afterSuite",
              "timedOut": false,
              "duration": 4,
              "state": null,
              "speed": null,
              "pass": false,
              "fail": false,
              "pending": false,
              "context": null,
              "code": "scenario.suiteTeardown(suite)",
              "err": {},
              "uuid": "02ba118c-47d6-45c4-a509-aae2f95cbe16",
              "parentUUID": "b07efa4d-61b1-4190-a12d-49bc044d620c",
              "isHook": true,
              "skipped": false
            },
            {
              "title": "\"after each\" hook: finalize codeceptjs",
              "fullTitle": "Search sulzer gmbh on google \"after each\" hook: finalize codeceptjs",
              "timedOut": false,
              "duration": 53,
              "state": null,
              "speed": null,
              "pass": false,
              "fail": false,
              "pending": false,
              "context": null,
              "code": "scenario.teardown(suite)",
              "err": {},
              "uuid": "e1aacbea-8920-4f4d-939c-b0e830e25daa",
              "parentUUID": "b07efa4d-61b1-4190-a12d-49bc044d620c",
              "isHook": true,
              "skipped": false
            }
          ],
          "tests": [
            {
              "title": "should search for \"sulzer gmbh stuttgat\" and click on link with a name \"Stuttgart\"",
              "fullTitle": "Search sulzer gmbh on google: should search for \"sulzer gmbh stuttgat\" and click on link with a name \"Stuttgart\"",
              "timedOut": false,
              "duration": 3246,
              "state": "passed",
              "speed": "slow",
              "pass": true,
              "fail": false,
              "pending": false,
              "context": null,
              "code": "allure.severity('blocker');\nI.amOnPage('https://google.com');\nI.waitForVisible({name: 'q'}, 5);\nI.fillField({name: 'q'}, 'sulzer gmbh stuttgart');\nI.pressKey('Enter');\nI.waitForVisible(locate('a').withText('Stuttgart'), 5);\nI.click(locate('a').withText('Standorte'));\nI.seeInCurrentUrl('https://www.sulzer.de/de/standorte/');",
              "err": {},
              "uuid": "df61960e-1c18-449e-804c-07c18fc5d7f6",
              "parentUUID": "b07efa4d-61b1-4190-a12d-49bc044d620c",
              "isHook": false,
              "skipped": false
            }
          ],
          "suites": [],
          "passes": [
            "df61960e-1c18-449e-804c-07c18fc5d7f6"
          ],
          "failures": [],
          "pending": [],
          "skipped": [],
          "duration": 3246,
          "root": false,
          "rootEmpty": false,
          "_timeout": 0
        },
        {
          "uuid": "9e743d0c-98b3-42ac-8453-fcc5ed773705",
          "title": "Search sulzer gmbh on google",
          "fullFile": "/Users/mustafamasetic/sulzer-test-automation/reporting/codeceptjs/tests/unternehmen_test.js",
          "file": "/tests/unternehmen_test.js",
          "beforeHooks": [
            {
              "title": "\"before all\" hook: codeceptjs.beforeSuite",
              "fullTitle": "Search sulzer gmbh on google \"before all\" hook: codeceptjs.beforeSuite",
              "timedOut": false,
              "duration": 0,
              "state": null,
              "speed": null,
              "pass": false,
              "fail": false,
              "pending": false,
              "context": null,
              "code": "scenario.suiteSetup(suite)",
              "err": {},
              "uuid": "13c34a80-f929-42f6-90fd-562cbb693ba0",
              "parentUUID": "9e743d0c-98b3-42ac-8453-fcc5ed773705",
              "isHook": true,
              "skipped": false
            },
            {
              "title": "\"before each\" hook: codeceptjs.before",
              "fullTitle": "Search sulzer gmbh on google \"before each\" hook: codeceptjs.before",
              "timedOut": false,
              "duration": 1231,
              "state": null,
              "speed": null,
              "pass": false,
              "fail": false,
              "pending": false,
              "context": null,
              "code": "scenario.setup(suite)",
              "err": {},
              "uuid": "ec245e80-517c-4ce7-a125-d4888a86b417",
              "parentUUID": "9e743d0c-98b3-42ac-8453-fcc5ed773705",
              "isHook": true,
              "skipped": false
            }
          ],
          "afterHooks": [
            {
              "title": "\"after all\" hook: codeceptjs.afterSuite",
              "fullTitle": "Search sulzer gmbh on google \"after all\" hook: codeceptjs.afterSuite",
              "timedOut": false,
              "duration": 3,
              "state": null,
              "speed": null,
              "pass": false,
              "fail": false,
              "pending": false,
              "context": null,
              "code": "scenario.suiteTeardown(suite)",
              "err": {},
              "uuid": "0eecf646-92b6-4a85-9b07-2b7dd504cf9d",
              "parentUUID": "9e743d0c-98b3-42ac-8453-fcc5ed773705",
              "isHook": true,
              "skipped": false
            },
            {
              "title": "\"after each\" hook: finalize codeceptjs",
              "fullTitle": "Search sulzer gmbh on google \"after each\" hook: finalize codeceptjs",
              "timedOut": false,
              "duration": 54,
              "state": null,
              "speed": null,
              "pass": false,
              "fail": false,
              "pending": false,
              "context": null,
              "code": "scenario.teardown(suite)",
              "err": {},
              "uuid": "854b60af-cca4-40e0-adf9-6328b7d8bbe4",
              "parentUUID": "9e743d0c-98b3-42ac-8453-fcc5ed773705",
              "isHook": true,
              "skipped": false
            }
          ],
          "tests": [
            {
              "title": "should search for \"sulzer gmbh\" and click on link with a name \"Unternehmen\"",
              "fullTitle": "Search sulzer gmbh on google: should search for \"sulzer gmbh\" and click on link with a name \"Unternehmen\"",
              "timedOut": false,
              "duration": 5635,
              "state": "passed",
              "speed": "slow",
              "pass": true,
              "fail": false,
              "pending": false,
              "context": null,
              "code": "I.amOnPage('https://google.com');\nI.waitForVisible({name: 'q'}, 5);\nI.fillField({name: 'q'}, 'sulzer gmbh');\nI.pressKey('Enter');\nI.waitForVisible(locate('a').withText('Unternehmen'), 5);\nI.click(locate('a').withText('Unternehmen'));\nI.seeInCurrentUrl('https://www.sulzer.de/unternehmensinformationen/');",
              "err": {},
              "uuid": "38fee028-0759-49ec-825c-2cdbfffc76b6",
              "parentUUID": "9e743d0c-98b3-42ac-8453-fcc5ed773705",
              "isHook": false,
              "skipped": false
            }
          ],
          "suites": [],
          "passes": [
            "38fee028-0759-49ec-825c-2cdbfffc76b6"
          ],
          "failures": [],
          "pending": [],
          "skipped": [],
          "duration": 5635,
          "root": false,
          "rootEmpty": false,
          "_timeout": 0
        }
      ],
      "passes": [],
      "failures": [],
      "pending": [],
      "skipped": [],
      "duration": 0,
      "root": true,
      "rootEmpty": true,
      "_timeout": 0
    }
  ],
  "meta": {
    "mocha": {
      "version": "6.2.3"
    },
    "mochawesome": {
      "options": {
        "quiet": false,
        "reportFilename": "mochawesome",
        "saveHtml": true,
        "saveJson": true,
        "consoleReporter": "spec",
        "useInlineDiffs": false,
        "code": true
      },
      "version": "6.1.1"
    },
    "marge": {
      "options": {},
      "version": "5.1.0"
    }
  }
}