{
  "stats": {
    "suites": 1,
    "tests": 5,
    "passes": 4,
    "pending": 1,
    "failures": 0,
    "start": "2020-05-20T12:41:20.197Z",
    "end": "2020-05-20T12:41:44.339Z",
    "duration": 24142,
    "testsRegistered": 5,
    "passPercent": 100,
    "pendingPercent": 20,
    "other": 0,
    "hasOther": false,
    "skipped": 0,
    "hasSkipped": false
  },
  "results": [
    {
      "uuid": "1c9cd5cb-b2be-4ac8-ba24-6affd24e48fc",
      "title": "",
      "fullFile": "",
      "file": "",
      "beforeHooks": [],
      "afterHooks": [],
      "tests": [],
      "suites": [
        {
          "uuid": "148f3a4a-6104-4b06-ae4f-00d667ccb1d6",
          "title": "Search sulzer gmbh on google",
          "fullFile": "/Users/mustafamasetic/sulzer-test-automation/reporting/selenium-webdriver-mocha/google_search_test.js",
          "file": "/google_search_test.js",
          "beforeHooks": [],
          "afterHooks": [
            {
              "title": "\"after all\" hook",
              "fullTitle": "Search sulzer gmbh on google \"after all\" hook",
              "timedOut": false,
              "duration": 52,
              "state": null,
              "speed": null,
              "pass": false,
              "fail": false,
              "pending": false,
              "context": null,
              "code": "driver.quit()",
              "err": {},
              "uuid": "b3704c65-f95b-4e13-9553-7ba93f5e5b0e",
              "parentUUID": "148f3a4a-6104-4b06-ae4f-00d667ccb1d6",
              "isHook": true,
              "skipped": false
            }
          ],
          "tests": [
            {
              "title": "should search for \"sulzer gmbh\" and click on link with a name \"Standorte\"",
              "fullTitle": "Search sulzer gmbh on google should search for \"sulzer gmbh\" and click on link with a name \"Standorte\"",
              "timedOut": false,
              "duration": 6463,
              "state": "passed",
              "speed": "slow",
              "pass": true,
              "fail": false,
              "pending": false,
              "context": null,
              "code": "//allure.severity(allure.SEVERITY.BLOCKER);\nawait driver.get('https://www.google.com');\nawait driver.sleep(2000);\nawait driver.findElement(By.name('q')).sendKeys('sulzer gmbh', Key.ENTER);\nawait driver.wait(until.elementLocated(By.id('search')));\nawait driver.findElement(By.linkText('Standorte')).click();\nawait driver.sleep(2000);\nconst title = await driver.getTitle();\nexpect(title).to.equal('Unsere Standorte - Wir sind weltweit für Sie da');",
              "err": {},
              "uuid": "f22c4cf0-4de1-42a9-9c07-4c8bdf45a6e4",
              "parentUUID": "148f3a4a-6104-4b06-ae4f-00d667ccb1d6",
              "isHook": false,
              "skipped": false
            },
            {
              "title": "should search for \"sulzer gmbh kontakt stuttgart\" and click on link with a name \"Kontakt\"",
              "fullTitle": "Search sulzer gmbh on google should search for \"sulzer gmbh kontakt stuttgart\" and click on link with a name \"Kontakt\"",
              "timedOut": false,
              "duration": 5588,
              "state": "passed",
              "speed": "slow",
              "pass": true,
              "fail": false,
              "pending": false,
              "context": null,
              "code": "//allure.severity(allure.SEVERITY.TRIVIAL);\nawait driver.get('https://www.google.com');\nawait driver.sleep(2000);\nawait driver.findElement(By.name('q')).sendKeys('sulzer gmbh', Key.ENTER);\nawait driver.wait(until.elementLocated(By.id('search')));\nawait driver.findElement(By.linkText('Kontakt')).click();\nawait driver.sleep(2000);\nconst currentUrl = await (await driver).getCurrentUrl();\nexpect(currentUrl).to.equal('https://www.sulzer.de/de/kontakt/muenchen/');",
              "err": {},
              "uuid": "f21580e9-13b0-4a54-bef7-681c5b610b58",
              "parentUUID": "148f3a4a-6104-4b06-ae4f-00d667ccb1d6",
              "isHook": false,
              "skipped": false
            },
            {
              "title": "should search for \"sulzer gmbh\" and click on link with a name \"Karriere\"",
              "fullTitle": "Search sulzer gmbh on google should search for \"sulzer gmbh\" and click on link with a name \"Karriere\"",
              "timedOut": false,
              "duration": 6234,
              "state": "passed",
              "speed": "slow",
              "pass": true,
              "fail": false,
              "pending": false,
              "context": null,
              "code": "// allure.severity(allure.SEVERITY.CRITICAL);\n await driver.get('https://www.google.com');\n await driver.sleep(2000);\n await driver.findElement(By.name('q')).sendKeys('sulzer gmbh', Key.ENTER);\n await driver.wait(until.elementLocated(By.id('search')));\n await driver.findElement(By.linkText('Karriere')).click();\n await driver.sleep(2000);\n const currentUrl = await (await driver).getCurrentUrl();\n expect(currentUrl).to.equal('https://www.sulzer.de/de/karriere/');",
              "err": {},
              "uuid": "cde6247c-9b73-4fa4-bcad-5e4f7833feaf",
              "parentUUID": "148f3a4a-6104-4b06-ae4f-00d667ccb1d6",
              "isHook": false,
              "skipped": false
            },
            {
              "title": "should search for \"sulzer gmbh\" and click on link with a name \"Stuttgart\"",
              "fullTitle": "Search sulzer gmbh on google should search for \"sulzer gmbh\" and click on link with a name \"Stuttgart\"",
              "timedOut": false,
              "duration": 0,
              "state": null,
              "speed": null,
              "pass": false,
              "fail": false,
              "pending": true,
              "context": null,
              "code": "",
              "err": {},
              "uuid": "f2927b01-d19d-4534-92dc-b1eacb34fef8",
              "parentUUID": "148f3a4a-6104-4b06-ae4f-00d667ccb1d6",
              "isHook": false,
              "skipped": false
            },
            {
              "title": "should search for \"sulzer gmbh\" and click on link with a name \"Unternehmen\"",
              "fullTitle": "Search sulzer gmbh on google should search for \"sulzer gmbh\" and click on link with a name \"Unternehmen\"",
              "timedOut": false,
              "duration": 5777,
              "state": "passed",
              "speed": "slow",
              "pass": true,
              "fail": false,
              "pending": false,
              "context": null,
              "code": "// allure.severity(allure.SEVERITY.MINOR);\n await driver.get('https://www.google.com');\n await driver.sleep(2000);\n await driver.findElement(By.name('q')).sendKeys('sulzer gmbh', Key.ENTER);\n await driver.wait(until.elementLocated(By.id('search')));\n await driver.findElement(By.linkText('Unternehmen')).click();\n await driver.sleep(2000);\n const title = await driver.getTitle();\n expect(title).to.equal('Sulzer GmbH - Ihr Full-Service-IT-Unternehmen');",
              "err": {},
              "uuid": "44f7c879-1d9d-45cc-9452-8c7a6ff57f71",
              "parentUUID": "148f3a4a-6104-4b06-ae4f-00d667ccb1d6",
              "isHook": false,
              "skipped": false
            }
          ],
          "suites": [],
          "passes": [
            "f22c4cf0-4de1-42a9-9c07-4c8bdf45a6e4",
            "f21580e9-13b0-4a54-bef7-681c5b610b58",
            "cde6247c-9b73-4fa4-bcad-5e4f7833feaf",
            "44f7c879-1d9d-45cc-9452-8c7a6ff57f71"
          ],
          "failures": [],
          "pending": [
            "f2927b01-d19d-4534-92dc-b1eacb34fef8"
          ],
          "skipped": [],
          "duration": 24062,
          "root": false,
          "rootEmpty": false,
          "_timeout": 15000
        }
      ],
      "passes": [],
      "failures": [],
      "pending": [],
      "skipped": [],
      "duration": 0,
      "root": true,
      "rootEmpty": true,
      "_timeout": 15000
    }
  ],
  "meta": {
    "mocha": {
      "version": "7.1.1"
    },
    "mochawesome": {
      "options": {
        "quiet": false,
        "reportFilename": "mochawesome",
        "saveHtml": true,
        "saveJson": true,
        "consoleReporter": "spec",
        "useInlineDiffs": false,
        "code": true
      },
      "version": "6.1.1"
    },
    "marge": {
      "options": null,
      "version": "5.1.0"
    }
  }
}